
*** Running vivado
    with args -log d_active.vdi -applog -m64 -product Vivado -messageDb vivado.pb -mode batch -source d_active.tcl -notrace


ECHO 处于关闭状态。
ECHO 处于关闭状态。

****** Vivado v2023.1 (64-bit)
  **** SW Build 3865809 on Sun May  7 15:05:29 MDT 2023
  **** IP Build 3864474 on Sun May  7 20:36:21 MDT 2023
  **** SharedData Build 3865790 on Sun May 07 13:33:03 MDT 2023
    ** Copyright 1986-2022 Xilinx, Inc. All Rights Reserved.
    ** Copyright 2022-2023 Advanced Micro Devices, Inc. All Rights Reserved.

Sourcing tcl script 'E:/Xilinx/Vivado/2023.1/scripts/Vivado_init.tcl'
source d_active.tcl -notrace
create_project: Time (s): cpu = 00:00:05 ; elapsed = 00:00:06 . Memory (MB): peak = 455.809 ; gain = 161.059
Command: link_design -top d_active -part xc7a200tfbg484-2
Design is defaulting to srcset: sources_1
Design is defaulting to constrset: constrs_1
INFO: [Device 21-403] Loading part xc7a200tfbg484-2
Netlist sorting complete. Time (s): cpu = 00:00:02 ; elapsed = 00:00:02 . Memory (MB): peak = 1218.332 ; gain = 13.547
INFO: [Netlist 29-17] Analyzing 5881 Unisim elements for replacement
INFO: [Netlist 29-28] Unisim Transformation completed in 0 CPU seconds
INFO: [Project 1-479] Netlist was created with Vivado 2023.1
INFO: [Project 1-570] Preparing netlist for logic optimization
Parsing XDC File [f:/01_SYSU/HDC_Tactile/tactile/code/Artix7/d_active/d_active.gen/sources_1/ip/clk_wiz_0/clk_wiz_0_board.xdc] for cell 'clk_wiz_0_inst/inst'
Finished Parsing XDC File [f:/01_SYSU/HDC_Tactile/tactile/code/Artix7/d_active/d_active.gen/sources_1/ip/clk_wiz_0/clk_wiz_0_board.xdc] for cell 'clk_wiz_0_inst/inst'
Parsing XDC File [f:/01_SYSU/HDC_Tactile/tactile/code/Artix7/d_active/d_active.gen/sources_1/ip/clk_wiz_0/clk_wiz_0.xdc] for cell 'clk_wiz_0_inst/inst'
INFO: [Timing 38-35] Done setting XDC timing constraints. [f:/01_SYSU/HDC_Tactile/tactile/code/Artix7/d_active/d_active.gen/sources_1/ip/clk_wiz_0/clk_wiz_0.xdc:57]
INFO: [Timing 38-2] Deriving generated clocks [f:/01_SYSU/HDC_Tactile/tactile/code/Artix7/d_active/d_active.gen/sources_1/ip/clk_wiz_0/clk_wiz_0.xdc:57]
get_clocks: Time (s): cpu = 00:00:15 ; elapsed = 00:00:10 . Memory (MB): peak = 2229.312 ; gain = 749.129
Finished Parsing XDC File [f:/01_SYSU/HDC_Tactile/tactile/code/Artix7/d_active/d_active.gen/sources_1/ip/clk_wiz_0/clk_wiz_0.xdc] for cell 'clk_wiz_0_inst/inst'
Parsing XDC File [F:/01_SYSU/HDC_Tactile/tactile/code/Artix7/d_active/d_active.srcs/constrs_1/imports/d_active/d_active.xdc]
Finished Parsing XDC File [F:/01_SYSU/HDC_Tactile/tactile/code/Artix7/d_active/d_active.srcs/constrs_1/imports/d_active/d_active.xdc]
INFO: [Opt 31-138] Pushed 0 inverter(s) to 0 load pin(s).
Netlist sorting complete. Time (s): cpu = 00:00:00 ; elapsed = 00:00:00.064 . Memory (MB): peak = 2229.312 ; gain = 0.000
INFO: [Project 1-111] Unisim Transformation Summary:
No Unisim elements were transformed.

9 Infos, 0 Warnings, 0 Critical Warnings and 0 Errors encountered.
link_design completed successfully
link_design: Time (s): cpu = 00:00:42 ; elapsed = 00:00:38 . Memory (MB): peak = 2229.312 ; gain = 1739.074
INFO: [Common 17-600] The following parameters have non-default value.
general.maxThreads
Command: opt_design
Attempting to get a license for feature 'Implementation' and/or device 'xc7a200t'
INFO: [Common 17-349] Got license for feature 'Implementation' and/or device 'xc7a200t'
Running DRC as a precondition to command opt_design

Starting DRC Task
INFO: [DRC 23-27] Running DRC with 8 threads
INFO: [Project 1-461] DRC finished with 0 Errors
INFO: [Project 1-462] Please refer to the DRC report (report_drc) for more information.

Time (s): cpu = 00:00:03 ; elapsed = 00:00:01 . Memory (MB): peak = 2229.312 ; gain = 0.000

Starting Cache Timing Information Task
INFO: [Timing 38-35] Done setting XDC timing constraints.
Ending Cache Timing Information Task | Checksum: e19f6f98

Time (s): cpu = 00:00:07 ; elapsed = 00:00:02 . Memory (MB): peak = 2251.219 ; gain = 21.906

Starting Logic Optimization Task

Phase 1 Retarget
INFO: [Opt 31-1566] Pulled 1 inverters resulting in an inversion of 7 pins
INFO: [Opt 31-138] Pushed 9 inverter(s) to 9 load pin(s).
INFO: [Opt 31-49] Retargeted 0 cell(s).
Phase 1 Retarget | Checksum: 1c8785ec4

Time (s): cpu = 00:00:08 ; elapsed = 00:00:04 . Memory (MB): peak = 2619.766 ; gain = 94.992
INFO: [Opt 31-389] Phase Retarget created 86 cells and removed 87 cells
INFO: [Opt 31-1021] In phase Retarget, 1 netlist objects are constrained preventing optimization. Please run opt_design with -debug_log to get more detail. 

Phase 2 Constant propagation
INFO: [Opt 31-138] Pushed 0 inverter(s) to 0 load pin(s).
Phase 2 Constant propagation | Checksum: 13f271944

Time (s): cpu = 00:00:09 ; elapsed = 00:00:05 . Memory (MB): peak = 2619.766 ; gain = 94.992
INFO: [Opt 31-389] Phase Constant propagation created 37 cells and removed 93 cells

Phase 3 Sweep
Phase 3 Sweep | Checksum: 18204971e

Time (s): cpu = 00:00:12 ; elapsed = 00:00:07 . Memory (MB): peak = 2619.766 ; gain = 94.992
INFO: [Opt 31-389] Phase Sweep created 0 cells and removed 8711 cells

Phase 4 BUFG optimization
INFO: [Opt 31-129] Inserted BUFG to drive high-fanout reset|set|enable net. BUFG cell: gstHD_encoder_inst/gsHD_encoder_sim/sys_rst_n_0_BUFG_inst, Net: gstHD_encoder_inst/gsHD_encoder_sim/sys_rst_n_0
Phase 4 BUFG optimization | Checksum: 145d5ddbf

Time (s): cpu = 00:00:14 ; elapsed = 00:00:09 . Memory (MB): peak = 2619.766 ; gain = 94.992
INFO: [Opt 31-662] Phase BUFG optimization created 1 cells of which 1 are BUFGs and removed 0 cells.

Phase 5 Shift Register Optimization
INFO: [Opt 31-1064] SRL Remap converted 0 SRLs to 0 registers and converted 0 registers of register chains to 0 SRLs
Phase 5 Shift Register Optimization | Checksum: 10d7c5ab2

Time (s): cpu = 00:00:20 ; elapsed = 00:00:14 . Memory (MB): peak = 2619.766 ; gain = 94.992
INFO: [Opt 31-389] Phase Shift Register Optimization created 0 cells and removed 0 cells

Phase 6 Post Processing Netlist
Phase 6 Post Processing Netlist | Checksum: 10d7c5ab2

Time (s): cpu = 00:00:21 ; elapsed = 00:00:15 . Memory (MB): peak = 2619.766 ; gain = 94.992
INFO: [Opt 31-389] Phase Post Processing Netlist created 0 cells and removed 0 cells
Opt_design Change Summary
=========================


-------------------------------------------------------------------------------------------------------------------------
|  Phase                        |  #Cells created  |  #Cells Removed  |  #Constrained objects preventing optimizations  |
-------------------------------------------------------------------------------------------------------------------------
|  Retarget                     |              86  |              87  |                                              1  |
|  Constant propagation         |              37  |              93  |                                              0  |
|  Sweep                        |               0  |            8711  |                                              0  |
|  BUFG optimization            |               1  |               0  |                                              0  |
|  Shift Register Optimization  |               0  |               0  |                                              0  |
|  Post Processing Netlist      |               0  |               0  |                                              0  |
-------------------------------------------------------------------------------------------------------------------------



Starting Connectivity Check Task

Time (s): cpu = 00:00:00 ; elapsed = 00:00:00.215 . Memory (MB): peak = 2619.766 ; gain = 0.000
Ending Logic Optimization Task | Checksum: 10d7c5ab2

Time (s): cpu = 00:00:21 ; elapsed = 00:00:15 . Memory (MB): peak = 2619.766 ; gain = 94.992

Starting Power Optimization Task
INFO: [Pwropt 34-132] Skipping clock gating for clocks with a period < 2.00 ns.
INFO: [Timing 38-35] Done setting XDC timing constraints.
INFO: [Pwropt 34-9] Applying IDT optimizations ...
INFO: [Pwropt 34-10] Applying ODC optimizations ...
Running Vector-less Activity Propagation...

Finished Running Vector-less Activity Propagation


Starting PowerOpt Patch Enables Task
INFO: [Pwropt 34-162] WRITE_MODE attribute of 0 BRAM(s) out of a total of 98 has been updated to save power. Run report_power_opt to get a complete listing of the BRAMs updated.
INFO: [Pwropt 34-201] Structural ODC has moved 0 WE to EN ports
Number of BRAM Ports augmented: 0 newly gated: 210 Total Ports: 196
Ending PowerOpt Patch Enables Task | Checksum: 127af8cea

Time (s): cpu = 00:00:01 ; elapsed = 00:00:00.943 . Memory (MB): peak = 3394.020 ; gain = 0.000
Ending Power Optimization Task | Checksum: 127af8cea

Time (s): cpu = 00:01:05 ; elapsed = 00:00:24 . Memory (MB): peak = 3394.020 ; gain = 774.254

Starting Final Cleanup Task
Ending Final Cleanup Task | Checksum: 127af8cea

Time (s): cpu = 00:00:00 ; elapsed = 00:00:00.011 . Memory (MB): peak = 3394.020 ; gain = 0.000

Starting Netlist Obfuscation Task
Netlist sorting complete. Time (s): cpu = 00:00:01 ; elapsed = 00:00:00.454 . Memory (MB): peak = 3394.020 ; gain = 0.000
Ending Netlist Obfuscation Task | Checksum: 16f0811fa

Time (s): cpu = 00:00:01 ; elapsed = 00:00:00.465 . Memory (MB): peak = 3394.020 ; gain = 0.000
INFO: [Common 17-83] Releasing license: Implementation
35 Infos, 0 Warnings, 0 Critical Warnings and 0 Errors encountered.
opt_design completed successfully
opt_design: Time (s): cpu = 00:01:39 ; elapsed = 00:00:46 . Memory (MB): peak = 3394.020 ; gain = 1164.707
INFO: [Common 17-600] The following parameters have non-default value.
general.maxThreads
INFO: [runtcl-4] Executing : report_drc -file d_active_drc_opted.rpt -pb d_active_drc_opted.pb -rpx d_active_drc_opted.rpx
Command: report_drc -file d_active_drc_opted.rpt -pb d_active_drc_opted.pb -rpx d_active_drc_opted.rpx
INFO: [IP_Flow 19-1839] IP Catalog is up to date.
INFO: [DRC 23-27] Running DRC with 8 threads
INFO: [Vivado_Tcl 2-168] The results of DRC are in file F:/01_SYSU/HDC_Tactile/tactile/code/Artix7/d_active/d_active.runs/impl_1/d_active_drc_opted.rpt.
report_drc completed successfully
INFO: [Timing 38-35] Done setting XDC timing constraints.
INFO: [Timing 38-480] Writing timing data to binary archive.
Writing XDEF routing.
Writing XDEF routing logical nets.
Writing XDEF routing special nets.
Write XDEF Complete: Time (s): cpu = 00:00:01 ; elapsed = 00:00:00.188 . Memory (MB): peak = 3394.020 ; gain = 0.000
INFO: [Common 17-1381] The checkpoint 'F:/01_SYSU/HDC_Tactile/tactile/code/Artix7/d_active/d_active.runs/impl_1/d_active_opt.dcp' has been generated.
write_checkpoint: Time (s): cpu = 00:00:28 ; elapsed = 00:00:18 . Memory (MB): peak = 3394.020 ; gain = 0.000
Command: place_design
Attempting to get a license for feature 'Implementation' and/or device 'xc7a200t'
INFO: [Common 17-349] Got license for feature 'Implementation' and/or device 'xc7a200t'
INFO: [DRC 23-27] Running DRC with 8 threads
INFO: [Vivado_Tcl 4-198] DRC finished with 0 Errors
INFO: [Vivado_Tcl 4-199] Please refer to the DRC report (report_drc) for more information.
Running DRC as a precondition to command place_design
INFO: [DRC 23-27] Running DRC with 8 threads
INFO: [Vivado_Tcl 4-198] DRC finished with 0 Errors, 21 Warnings
INFO: [Vivado_Tcl 4-199] Please refer to the DRC report (report_drc) for more information.

Starting Placer Task
INFO: [Place 30-611] Multithreading enabled for place_design using a maximum of 8 CPUs

Phase 1 Placer Initialization

Phase 1.1 Placer Initialization Netlist Sorting
Netlist sorting complete. Time (s): cpu = 00:00:00 ; elapsed = 00:00:00.050 . Memory (MB): peak = 3394.020 ; gain = 0.000
Phase 1.1 Placer Initialization Netlist Sorting | Checksum: a046ac41

Time (s): cpu = 00:00:00 ; elapsed = 00:00:00.192 . Memory (MB): peak = 3394.020 ; gain = 0.000
Netlist sorting complete. Time (s): cpu = 00:00:00 ; elapsed = 00:00:00.049 . Memory (MB): peak = 3394.020 ; gain = 0.000

Phase 1.2 IO Placement/ Clock Placement/ Build Placer Device
Phase 1.2 IO Placement/ Clock Placement/ Build Placer Device | Checksum: d5cb2f41

Time (s): cpu = 00:00:09 ; elapsed = 00:00:05 . Memory (MB): peak = 3394.020 ; gain = 0.000

Phase 1.3 Build Placer Netlist Model
Phase 1.3 Build Placer Netlist Model | Checksum: 105fd96d5

Time (s): cpu = 00:00:40 ; elapsed = 00:00:18 . Memory (MB): peak = 3394.020 ; gain = 0.000

Phase 1.4 Constrain Clocks/Macros
Phase 1.4 Constrain Clocks/Macros | Checksum: 105fd96d5

Time (s): cpu = 00:00:40 ; elapsed = 00:00:18 . Memory (MB): peak = 3394.020 ; gain = 0.000
Phase 1 Placer Initialization | Checksum: 105fd96d5

Time (s): cpu = 00:00:41 ; elapsed = 00:00:18 . Memory (MB): peak = 3394.020 ; gain = 0.000

Phase 2 Global Placement

Phase 2.1 Floorplanning
Phase 2.1 Floorplanning | Checksum: e84d9344

Time (s): cpu = 00:00:56 ; elapsed = 00:00:22 . Memory (MB): peak = 3394.020 ; gain = 0.000

Phase 2.2 Update Timing before SLR Path Opt
Phase 2.2 Update Timing before SLR Path Opt | Checksum: 16245a6f1

Time (s): cpu = 00:01:08 ; elapsed = 00:00:26 . Memory (MB): peak = 3394.020 ; gain = 0.000

Phase 2.3 Post-Processing in Floorplanning
Phase 2.3 Post-Processing in Floorplanning | Checksum: 16245a6f1

Time (s): cpu = 00:01:09 ; elapsed = 00:00:26 . Memory (MB): peak = 3394.020 ; gain = 0.000

Phase 2.4 Global Placement Core

Phase 2.4.1 UpdateTiming Before Physical Synthesis
Phase 2.4.1 UpdateTiming Before Physical Synthesis | Checksum: 177402cf0

Time (s): cpu = 00:03:34 ; elapsed = 00:01:10 . Memory (MB): peak = 3394.020 ; gain = 0.000

Phase 2.4.2 Physical Synthesis In Placer
INFO: [Physopt 32-1035] Found 0 LUTNM shape to break, 572 LUT instances to create LUTNM shape
INFO: [Physopt 32-1044] Break lutnm for timing: one critical 0, two critical 0, total 0, new lutff created 0
INFO: [Physopt 32-1138] End 1 Pass. Optimized 272 nets or LUTs. Breaked 0 LUT, combined 272 existing LUTs and moved 0 existing LUT
INFO: [Physopt 32-65] No nets found for high-fanout optimization.
INFO: [Physopt 32-232] Optimized 0 net. Created 0 new instance.
INFO: [Physopt 32-775] End 1 Pass. Optimized 0 net or cell. Created 0 new cell, deleted 0 existing cell and moved 0 existing cell
INFO: [Physopt 32-670] No setup violation found.  DSP Register Optimization was not performed.
INFO: [Physopt 32-670] No setup violation found.  Shift Register to Pipeline Optimization was not performed.
INFO: [Physopt 32-670] No setup violation found.  Shift Register Optimization was not performed.
INFO: [Physopt 32-670] No setup violation found.  BRAM Register Optimization was not performed.
INFO: [Physopt 32-670] No setup violation found.  URAM Register Optimization was not performed.
INFO: [Physopt 32-949] No candidate nets found for dynamic/static region interface net replication
INFO: [Physopt 32-775] End 1 Pass. Optimized 0 net or cell. Created 0 new cell, deleted 0 existing cell and moved 0 existing cell
Netlist sorting complete. Time (s): cpu = 00:00:00 ; elapsed = 00:00:00.049 . Memory (MB): peak = 3394.020 ; gain = 0.000

Summary of Physical Synthesis Optimizations
============================================


-----------------------------------------------------------------------------------------------------------------------------------------------------------
|  Optimization                                     |  Added Cells  |  Removed Cells  |  Optimized Cells/Nets  |  Dont Touch  |  Iterations  |  Elapsed   |
-----------------------------------------------------------------------------------------------------------------------------------------------------------
|  LUT Combining                                    |            0  |            272  |                   272  |           0  |           1  |  00:00:01  |
|  Retime                                           |            0  |              0  |                     0  |           0  |           1  |  00:00:00  |
|  Very High Fanout                                 |            0  |              0  |                     0  |           0  |           1  |  00:00:01  |
|  DSP Register                                     |            0  |              0  |                     0  |           0  |           0  |  00:00:00  |
|  Shift Register to Pipeline                       |            0  |              0  |                     0  |           0  |           0  |  00:00:00  |
|  Shift Register                                   |            0  |              0  |                     0  |           0  |           0  |  00:00:00  |
|  BRAM Register                                    |            0  |              0  |                     0  |           0  |           0  |  00:00:00  |
|  URAM Register                                    |            0  |              0  |                     0  |           0  |           0  |  00:00:00  |
|  Dynamic/Static Region Interface Net Replication  |            0  |              0  |                     0  |           0  |           1  |  00:00:00  |
|  Total                                            |            0  |            272  |                   272  |           0  |           4  |  00:00:01  |
-----------------------------------------------------------------------------------------------------------------------------------------------------------


Phase 2.4.2 Physical Synthesis In Placer | Checksum: 1a095b62b

Time (s): cpu = 00:03:47 ; elapsed = 00:01:16 . Memory (MB): peak = 3394.020 ; gain = 0.000
Phase 2.4 Global Placement Core | Checksum: 1228e5892

Time (s): cpu = 00:04:08 ; elapsed = 00:01:24 . Memory (MB): peak = 3394.020 ; gain = 0.000
Phase 2 Global Placement | Checksum: 1228e5892

Time (s): cpu = 00:04:08 ; elapsed = 00:01:24 . Memory (MB): peak = 3394.020 ; gain = 0.000

Phase 3 Detail Placement

Phase 3.1 Commit Multi Column Macros
Phase 3.1 Commit Multi Column Macros | Checksum: 1a96ad8a3

Time (s): cpu = 00:04:21 ; elapsed = 00:01:28 . Memory (MB): peak = 3394.020 ; gain = 0.000

Phase 3.2 Commit Most Macros & LUTRAMs
Phase 3.2 Commit Most Macros & LUTRAMs | Checksum: 208128eeb

Time (s): cpu = 00:04:39 ; elapsed = 00:01:35 . Memory (MB): peak = 3394.020 ; gain = 0.000

Phase 3.3 Area Swap Optimization
Phase 3.3 Area Swap Optimization | Checksum: 142a564bd

Time (s): cpu = 00:04:42 ; elapsed = 00:01:36 . Memory (MB): peak = 3394.020 ; gain = 0.000

Phase 3.4 Pipeline Register Optimization
Phase 3.4 Pipeline Register Optimization | Checksum: 13ab6b39c

Time (s): cpu = 00:04:42 ; elapsed = 00:01:36 . Memory (MB): peak = 3394.020 ; gain = 0.000

Phase 3.5 Small Shape Detail Placement
Phase 3.5 Small Shape Detail Placement | Checksum: 16924676f

Time (s): cpu = 00:05:30 ; elapsed = 00:02:19 . Memory (MB): peak = 3394.020 ; gain = 0.000

Phase 3.6 Re-assign LUT pins
Phase 3.6 Re-assign LUT pins | Checksum: 137525f24

Time (s): cpu = 00:05:35 ; elapsed = 00:02:23 . Memory (MB): peak = 3394.020 ; gain = 0.000

Phase 3.7 Pipeline Register Optimization
Phase 3.7 Pipeline Register Optimization | Checksum: 1ad64b629

Time (s): cpu = 00:05:36 ; elapsed = 00:02:24 . Memory (MB): peak = 3394.020 ; gain = 0.000
Phase 3 Detail Placement | Checksum: 1ad64b629

Time (s): cpu = 00:05:36 ; elapsed = 00:02:25 . Memory (MB): peak = 3394.020 ; gain = 0.000

Phase 4 Post Placement Optimization and Clean-Up

Phase 4.1 Post Commit Optimization
INFO: [Timing 38-35] Done setting XDC timing constraints.

Phase 4.1.1 Post Placement Optimization
Post Placement Optimization Initialization | Checksum: 2302aba29

Phase 4.1.1.1 BUFG Insertion

Starting Physical Synthesis Task

Phase 1 Physical Synthesis Initialization
INFO: [Physopt 32-721] Multithreading enabled for phys_opt_design using a maximum of 8 CPUs
INFO: [Physopt 32-619] Estimated Timing Summary | WNS=1.134 | TNS=0.000 |
Phase 1 Physical Synthesis Initialization | Checksum: 21913f967

Time (s): cpu = 00:00:09 ; elapsed = 00:00:04 . Memory (MB): peak = 3400.375 ; gain = 6.355
INFO: [Place 46-33] Processed net gstHD_encoder_inst/gsHD_encoder_sim/sint_HD, BUFG insertion was skipped due to placement/routing conflicts.
INFO: [Place 46-33] Processed net gstHD_encoder_inst/gsHD_encoder_sim/genblk3[436].gint_HD[436][4]_i_1_n_0, BUFG insertion was skipped due to placement/routing conflicts.
INFO: [Place 46-33] Processed net gstHD_encoder_inst/tHD_encoder_sim/E[0], BUFG insertion was skipped due to placement/routing conflicts.
INFO: [Place 46-33] Processed net slip_inference_inst/HD1_flag, BUFG insertion was skipped due to placement/routing conflicts.
INFO: [Place 46-33] Processed net data_recorder_inst/logreg_flag, BUFG insertion was skipped due to placement/routing conflicts.
INFO: [Place 46-33] Processed net slip_inference_inst/slip_flag_reg_0[0], BUFG insertion was skipped due to placement/routing conflicts.
INFO: [Place 46-56] BUFG insertion identified 6 candidate nets. Inserted BUFG: 0, Replicated BUFG Driver: 0, Skipped due to Placement/Routing Conflicts: 6, Skipped due to Timing Degradation: 0, Skipped due to netlist editing failed: 0.
Ending Physical Synthesis Task | Checksum: 21913f967

Time (s): cpu = 00:00:13 ; elapsed = 00:00:07 . Memory (MB): peak = 3409.445 ; gain = 15.426
Phase 4.1.1.1 BUFG Insertion | Checksum: 2302aba29

Time (s): cpu = 00:06:30 ; elapsed = 00:02:47 . Memory (MB): peak = 3409.445 ; gain = 15.426

Phase 4.1.1.2 Post Placement Timing Optimization
INFO: [Place 30-746] Post Placement Timing Summary WNS=1.134. For the most accurate timing information please run report_timing.
Phase 4.1.1.2 Post Placement Timing Optimization | Checksum: 1c5291f09

Time (s): cpu = 00:06:31 ; elapsed = 00:02:48 . Memory (MB): peak = 3409.445 ; gain = 15.426

Time (s): cpu = 00:06:31 ; elapsed = 00:02:48 . Memory (MB): peak = 3409.445 ; gain = 15.426
Phase 4.1 Post Commit Optimization | Checksum: 1c5291f09

Time (s): cpu = 00:06:32 ; elapsed = 00:02:48 . Memory (MB): peak = 3409.445 ; gain = 15.426

Phase 4.2 Post Placement Cleanup
Phase 4.2 Post Placement Cleanup | Checksum: 1c5291f09

Time (s): cpu = 00:06:33 ; elapsed = 00:02:49 . Memory (MB): peak = 3409.445 ; gain = 15.426

Phase 4.3 Placer Reporting

Phase 4.3.1 Print Estimated Congestion
INFO: [Place 30-612] Post-Placement Estimated Congestion 
 ____________________________________________________
|           | Global Congestion | Short Congestion  |
| Direction | Region Size       | Region Size       |
|___________|___________________|___________________|
|      North|                1x1|                2x2|
|___________|___________________|___________________|
|      South|                1x1|                2x2|
|___________|___________________|___________________|
|       East|                1x1|                1x1|
|___________|___________________|___________________|
|       West|                1x1|                2x2|
|___________|___________________|___________________|

Phase 4.3.1 Print Estimated Congestion | Checksum: 1c5291f09

Time (s): cpu = 00:06:34 ; elapsed = 00:02:49 . Memory (MB): peak = 3409.445 ; gain = 15.426
Phase 4.3 Placer Reporting | Checksum: 1c5291f09

Time (s): cpu = 00:06:34 ; elapsed = 00:02:50 . Memory (MB): peak = 3409.445 ; gain = 15.426

Phase 4.4 Final Placement Cleanup
Netlist sorting complete. Time (s): cpu = 00:00:00 ; elapsed = 00:00:00.146 . Memory (MB): peak = 3409.445 ; gain = 0.000

Time (s): cpu = 00:06:34 ; elapsed = 00:02:50 . Memory (MB): peak = 3409.445 ; gain = 15.426
Phase 4 Post Placement Optimization and Clean-Up | Checksum: 1e1ee941f

Time (s): cpu = 00:06:35 ; elapsed = 00:02:51 . Memory (MB): peak = 3409.445 ; gain = 15.426
Ending Placer Task | Checksum: 1671808c4

Time (s): cpu = 00:06:35 ; elapsed = 00:02:51 . Memory (MB): peak = 3409.445 ; gain = 15.426
INFO: [Common 17-83] Releasing license: Implementation
77 Infos, 0 Warnings, 0 Critical Warnings and 0 Errors encountered.
place_design completed successfully
place_design: Time (s): cpu = 00:06:40 ; elapsed = 00:02:54 . Memory (MB): peak = 3409.445 ; gain = 15.426
INFO: [Common 17-600] The following parameters have non-default value.
general.maxThreads
INFO: [runtcl-4] Executing : report_io -file d_active_io_placed.rpt
report_io: Time (s): cpu = 00:00:00 ; elapsed = 00:00:00.067 . Memory (MB): peak = 3409.445 ; gain = 0.000
INFO: [runtcl-4] Executing : report_utilization -file d_active_utilization_placed.rpt -pb d_active_utilization_placed.pb
INFO: [runtcl-4] Executing : report_control_sets -verbose -file d_active_control_sets_placed.rpt
report_control_sets: Time (s): cpu = 00:00:01 ; elapsed = 00:00:00.234 . Memory (MB): peak = 3409.445 ; gain = 0.000
INFO: [Timing 38-480] Writing timing data to binary archive.
Writing XDEF routing.
Writing XDEF routing logical nets.
Writing XDEF routing special nets.
Write XDEF Complete: Time (s): cpu = 00:00:23 ; elapsed = 00:00:09 . Memory (MB): peak = 3409.445 ; gain = 0.000
INFO: [Common 17-1381] The checkpoint 'F:/01_SYSU/HDC_Tactile/tactile/code/Artix7/d_active/d_active.runs/impl_1/d_active_placed.dcp' has been generated.
write_checkpoint: Time (s): cpu = 00:00:42 ; elapsed = 00:00:23 . Memory (MB): peak = 3409.445 ; gain = 0.000
Command: phys_opt_design
Attempting to get a license for feature 'Implementation' and/or device 'xc7a200t'
INFO: [Common 17-349] Got license for feature 'Implementation' and/or device 'xc7a200t'

Starting Initial Update Timing Task

Time (s): cpu = 00:00:32 ; elapsed = 00:00:10 . Memory (MB): peak = 3585.051 ; gain = 175.605
INFO: [Vivado_Tcl 4-383] Design worst setup slack (WNS) is greater than or equal to 0.000 ns. Skipping all physical synthesis optimizations.
INFO: [Vivado_Tcl 4-232] No setup violation found. The netlist was not modified.
INFO: [Common 17-83] Releasing license: Implementation
87 Infos, 0 Warnings, 0 Critical Warnings and 0 Errors encountered.
phys_opt_design completed successfully
phys_opt_design: Time (s): cpu = 00:00:33 ; elapsed = 00:00:10 . Memory (MB): peak = 3585.051 ; gain = 175.605
INFO: [Common 17-600] The following parameters have non-default value.
general.maxThreads
INFO: [Timing 38-480] Writing timing data to binary archive.
Writing XDEF routing.
Writing XDEF routing logical nets.
Writing XDEF routing special nets.
Write XDEF Complete: Time (s): cpu = 00:00:22 ; elapsed = 00:00:08 . Memory (MB): peak = 3664.031 ; gain = 78.566
INFO: [Common 17-1381] The checkpoint 'F:/01_SYSU/HDC_Tactile/tactile/code/Artix7/d_active/d_active.runs/impl_1/d_active_physopt.dcp' has been generated.
write_checkpoint: Time (s): cpu = 00:00:32 ; elapsed = 00:00:19 . Memory (MB): peak = 3664.031 ; gain = 78.980
Command: route_design
Attempting to get a license for feature 'Implementation' and/or device 'xc7a200t'
INFO: [Common 17-349] Got license for feature 'Implementation' and/or device 'xc7a200t'
Running DRC as a precondition to command route_design
INFO: [DRC 23-27] Running DRC with 8 threads
INFO: [Vivado_Tcl 4-198] DRC finished with 0 Errors
INFO: [Vivado_Tcl 4-199] Please refer to the DRC report (report_drc) for more information.


Starting Routing Task
INFO: [Route 35-254] Multithreading enabled for route_design using a maximum of 8 CPUs

Phase 1 Build RT Design
Checksum: PlaceDB: b402c236 ConstDB: 0 ShapeSum: b315468e RouteDB: 0
Post Restoration Checksum: NetGraph: 1a6a4a1b | NumContArr: eb05bc3a | Constraints: 190a55ad | Timing: 0
Phase 1 Build RT Design | Checksum: 11e7a5c02

Time (s): cpu = 00:01:37 ; elapsed = 00:01:05 . Memory (MB): peak = 3860.988 ; gain = 89.984

Phase 2 Router Initialization

Phase 2.1 Fix Topology Constraints
Phase 2.1 Fix Topology Constraints | Checksum: 11e7a5c02

Time (s): cpu = 00:01:38 ; elapsed = 00:01:06 . Memory (MB): peak = 3860.988 ; gain = 89.984

Phase 2.2 Pre Route Cleanup
Phase 2.2 Pre Route Cleanup | Checksum: 11e7a5c02

Time (s): cpu = 00:01:38 ; elapsed = 00:01:07 . Memory (MB): peak = 3860.988 ; gain = 89.984
 Number of Nodes with overlaps = 0

Phase 2.3 Update Timing
Phase 2.3 Update Timing | Checksum: 184921ddd

Time (s): cpu = 00:02:31 ; elapsed = 00:01:29 . Memory (MB): peak = 3860.988 ; gain = 89.984
INFO: [Route 35-416] Intermediate Timing Summary | WNS=1.363  | TNS=0.000  | WHS=-0.381 | THS=-2527.318|


Router Utilization Summary
  Global Vertical Routing Utilization    = 0 %
  Global Horizontal Routing Utilization  = 0 %
  Routable Net Status*
  *Does not include unroutable nets such as driverless and loadless.
  Run report_route_status for detailed report.
  Number of Failed Nets               = 111799
    (Failed Nets is the sum of unrouted and partially routed nets)
  Number of Unrouted Nets             = 111798
  Number of Partially Routed Nets     = 1
  Number of Node Overlaps             = 0

Phase 2 Router Initialization | Checksum: 1a217b9d2

Time (s): cpu = 00:02:56 ; elapsed = 00:01:37 . Memory (MB): peak = 3860.988 ; gain = 89.984

Phase 3 Initial Routing

Phase 3.1 Global Routing
Phase 3.1 Global Routing | Checksum: 1a217b9d2

Time (s): cpu = 00:02:57 ; elapsed = 00:01:37 . Memory (MB): peak = 3860.988 ; gain = 89.984
Phase 3 Initial Routing | Checksum: 20f47f27b

Time (s): cpu = 00:03:35 ; elapsed = 00:01:45 . Memory (MB): peak = 3860.988 ; gain = 89.984

Phase 4 Rip-up And Reroute

Phase 4.1 Global Iteration 0
 Number of Nodes with overlaps = 10145
 Number of Nodes with overlaps = 263
 Number of Nodes with overlaps = 34
 Number of Nodes with overlaps = 6
 Number of Nodes with overlaps = 1
 Number of Nodes with overlaps = 2
 Number of Nodes with overlaps = 0
INFO: [Route 35-416] Intermediate Timing Summary | WNS=0.303  | TNS=0.000  | WHS=N/A    | THS=N/A    |

Phase 4.1 Global Iteration 0 | Checksum: 17c26e391

Time (s): cpu = 00:05:01 ; elapsed = 00:02:35 . Memory (MB): peak = 3863.160 ; gain = 92.156
Phase 4 Rip-up And Reroute | Checksum: 17c26e391

Time (s): cpu = 00:05:01 ; elapsed = 00:02:35 . Memory (MB): peak = 3863.160 ; gain = 92.156

Phase 5 Delay and Skew Optimization

Phase 5.1 Delay CleanUp

Phase 5.1.1 Update Timing
Phase 5.1.1 Update Timing | Checksum: 1bad1b500

Time (s): cpu = 00:05:14 ; elapsed = 00:02:40 . Memory (MB): peak = 3863.160 ; gain = 92.156
INFO: [Route 35-416] Intermediate Timing Summary | WNS=0.303  | TNS=0.000  | WHS=N/A    | THS=N/A    |

Phase 5.1 Delay CleanUp | Checksum: 1bad1b500

Time (s): cpu = 00:05:14 ; elapsed = 00:02:40 . Memory (MB): peak = 3863.160 ; gain = 92.156

Phase 5.2 Clock Skew Optimization
Phase 5.2 Clock Skew Optimization | Checksum: 1bad1b500

Time (s): cpu = 00:05:14 ; elapsed = 00:02:40 . Memory (MB): peak = 3863.160 ; gain = 92.156
Phase 5 Delay and Skew Optimization | Checksum: 1bad1b500

Time (s): cpu = 00:05:14 ; elapsed = 00:02:40 . Memory (MB): peak = 3863.160 ; gain = 92.156

Phase 6 Post Hold Fix

Phase 6.1 Hold Fix Iter

Phase 6.1.1 Update Timing
Phase 6.1.1 Update Timing | Checksum: 18db9fa1b

Time (s): cpu = 00:05:29 ; elapsed = 00:02:46 . Memory (MB): peak = 3863.160 ; gain = 92.156
INFO: [Route 35-416] Intermediate Timing Summary | WNS=0.303  | TNS=0.000  | WHS=0.016  | THS=0.000  |

Phase 6.1 Hold Fix Iter | Checksum: 1addfa141

Time (s): cpu = 00:05:29 ; elapsed = 00:02:47 . Memory (MB): peak = 3863.160 ; gain = 92.156
Phase 6 Post Hold Fix | Checksum: 1addfa141

Time (s): cpu = 00:05:29 ; elapsed = 00:02:47 . Memory (MB): peak = 3863.160 ; gain = 92.156

Phase 7 Route finalize

Router Utilization Summary
  Global Vertical Routing Utilization    = 10.2716 %
  Global Horizontal Routing Utilization  = 11.6292 %
  Routable Net Status*
  *Does not include unroutable nets such as driverless and loadless.
  Run report_route_status for detailed report.
  Number of Failed Nets               = 0
    (Failed Nets is the sum of unrouted and partially routed nets)
  Number of Unrouted Nets             = 0
  Number of Partially Routed Nets     = 0
  Number of Node Overlaps             = 0

Phase 7 Route finalize | Checksum: 183211f7c

Time (s): cpu = 00:05:31 ; elapsed = 00:02:47 . Memory (MB): peak = 3863.160 ; gain = 92.156

Phase 8 Verifying routed nets

 Verification completed successfully
Phase 8 Verifying routed nets | Checksum: 183211f7c

Time (s): cpu = 00:05:31 ; elapsed = 00:02:48 . Memory (MB): peak = 3863.160 ; gain = 92.156

Phase 9 Depositing Routes
Phase 9 Depositing Routes | Checksum: 2229d17b9

Time (s): cpu = 00:05:41 ; elapsed = 00:02:54 . Memory (MB): peak = 3863.160 ; gain = 92.156

Phase 10 Post Router Timing
INFO: [Route 35-57] Estimated Timing Summary | WNS=0.303  | TNS=0.000  | WHS=0.016  | THS=0.000  |

INFO: [Route 35-327] The final timing numbers are based on the router estimated timing analysis. For a complete and accurate timing signoff, please run report_timing_summary.
Phase 10 Post Router Timing | Checksum: 2229d17b9

Time (s): cpu = 00:05:53 ; elapsed = 00:02:59 . Memory (MB): peak = 3863.160 ; gain = 92.156
INFO: [Route 35-16] Router Completed Successfully

Phase 11 Post-Route Event Processing
Phase 11 Post-Route Event Processing | Checksum: 17cd5bf0a

Time (s): cpu = 00:05:55 ; elapsed = 00:03:01 . Memory (MB): peak = 3863.160 ; gain = 92.156

Time (s): cpu = 00:05:55 ; elapsed = 00:03:01 . Memory (MB): peak = 3863.160 ; gain = 92.156

Routing Is Done.
INFO: [Common 17-83] Releasing license: Implementation
103 Infos, 0 Warnings, 0 Critical Warnings and 0 Errors encountered.
route_design completed successfully
route_design: Time (s): cpu = 00:06:06 ; elapsed = 00:03:07 . Memory (MB): peak = 3863.160 ; gain = 199.129
INFO: [Common 17-600] The following parameters have non-default value.
general.maxThreads
INFO: [runtcl-4] Executing : report_drc -file d_active_drc_routed.rpt -pb d_active_drc_routed.pb -rpx d_active_drc_routed.rpx
Command: report_drc -file d_active_drc_routed.rpt -pb d_active_drc_routed.pb -rpx d_active_drc_routed.rpx
INFO: [IP_Flow 19-1839] IP Catalog is up to date.
INFO: [DRC 23-27] Running DRC with 8 threads
INFO: [Vivado_Tcl 2-168] The results of DRC are in file F:/01_SYSU/HDC_Tactile/tactile/code/Artix7/d_active/d_active.runs/impl_1/d_active_drc_routed.rpt.
report_drc completed successfully
report_drc: Time (s): cpu = 00:00:27 ; elapsed = 00:00:08 . Memory (MB): peak = 3863.160 ; gain = 0.000
INFO: [runtcl-4] Executing : report_methodology -file d_active_methodology_drc_routed.rpt -pb d_active_methodology_drc_routed.pb -rpx d_active_methodology_drc_routed.rpx
Command: report_methodology -file d_active_methodology_drc_routed.rpt -pb d_active_methodology_drc_routed.pb -rpx d_active_methodology_drc_routed.rpx
INFO: [Timing 38-35] Done setting XDC timing constraints.
INFO: [DRC 23-133] Running Methodology with 8 threads
INFO: [Vivado_Tcl 2-1520] The results of Report Methodology are in file F:/01_SYSU/HDC_Tactile/tactile/code/Artix7/d_active/d_active.runs/impl_1/d_active_methodology_drc_routed.rpt.
report_methodology completed successfully
report_methodology: Time (s): cpu = 00:01:20 ; elapsed = 00:00:21 . Memory (MB): peak = 4203.348 ; gain = 340.188
INFO: [runtcl-4] Executing : report_power -file d_active_power_routed.rpt -pb d_active_power_summary_routed.pb -rpx d_active_power_routed.rpx
Command: report_power -file d_active_power_routed.rpt -pb d_active_power_summary_routed.pb -rpx d_active_power_routed.rpx
INFO: [Timing 38-35] Done setting XDC timing constraints.
Running Vector-less Activity Propagation...

Finished Running Vector-less Activity Propagation
114 Infos, 0 Warnings, 0 Critical Warnings and 0 Errors encountered.
report_power completed successfully
report_power: Time (s): cpu = 00:01:35 ; elapsed = 00:00:30 . Memory (MB): peak = 4401.152 ; gain = 197.805
INFO: [runtcl-4] Executing : report_route_status -file d_active_route_status.rpt -pb d_active_route_status.pb
INFO: [runtcl-4] Executing : report_timing_summary -max_paths 10 -report_unconstrained -file d_active_timing_summary_routed.rpt -pb d_active_timing_summary_routed.pb -rpx d_active_timing_summary_routed.rpx -warn_on_violation 
INFO: [Timing 38-91] UpdateTimingParams: Speed grade: -2, Delay Type: min_max.
INFO: [Timing 38-191] Multithreading enabled for timing update using a maximum of 8 CPUs
INFO: [runtcl-4] Executing : report_incremental_reuse -file d_active_incremental_reuse_routed.rpt
INFO: [Vivado_Tcl 4-1062] Incremental flow is disabled. No incremental reuse Info to report.
INFO: [runtcl-4] Executing : report_clock_utilization -file d_active_clock_utilization_routed.rpt
report_clock_utilization: Time (s): cpu = 00:00:05 ; elapsed = 00:00:05 . Memory (MB): peak = 4401.152 ; gain = 0.000
INFO: [runtcl-4] Executing : report_bus_skew -warn_on_violation -file d_active_bus_skew_routed.rpt -pb d_active_bus_skew_routed.pb -rpx d_active_bus_skew_routed.rpx
INFO: [Timing 38-91] UpdateTimingParams: Speed grade: -2, Delay Type: min_max.
INFO: [Timing 38-191] Multithreading enabled for timing update using a maximum of 8 CPUs
INFO: [Timing 38-480] Writing timing data to binary archive.
Writing XDEF routing.
Writing XDEF routing logical nets.
Writing XDEF routing special nets.
Write XDEF Complete: Time (s): cpu = 00:00:27 ; elapsed = 00:00:11 . Memory (MB): peak = 4483.461 ; gain = 82.309
INFO: [Common 17-1381] The checkpoint 'F:/01_SYSU/HDC_Tactile/tactile/code/Artix7/d_active/d_active.runs/impl_1/d_active_routed.dcp' has been generated.
write_checkpoint: Time (s): cpu = 00:00:38 ; elapsed = 00:00:21 . Memory (MB): peak = 4483.461 ; gain = 82.309
INFO: [Common 17-206] Exiting Vivado at Fri Feb 28 16:14:56 2025...
