Copyright 1986-2022 Xilinx, Inc. All Rights Reserved. Copyright 2022-2023 Advanced Micro Devices, Inc. All Rights Reserved.
---------------------------------------------------------------------------------------------------------------------------------------------
| Tool Version : Vivado v.2023.1 (win64) Build 3865809 Sun May  7 15:05:29 MDT 2023
| Date         : Fri Feb 28 17:29:54 2025
| Host         : DESKTOP-R2MU3CQ running 64-bit major release  (build 9200)
| Command      : report_clock_utilization -file d_control_gripper_clock_utilization_routed.rpt
| Design       : d_control_gripper
| Device       : 7a200t-fbg484
| Speed File   : -2  PRODUCTION 1.23 2018-06-13
| Design State : Routed
---------------------------------------------------------------------------------------------------------------------------------------------

Clock Utilization Report

Table of Contents
-----------------
1. Clock Primitive Utilization
2. Global Clock Resources
3. Global Clock Source Details
4. Clock Regions: Key Resource Utilization
5. Clock Regions : Global Clock Summary
6. Device Cell Placement Summary for Global Clock g0
7. Device Cell Placement Summary for Global Clock g1
8. Device Cell Placement Summary for Global Clock g2
9. Clock Region Cell Placement per Global Clock: Region X0Y0
10. Clock Region Cell Placement per Global Clock: Region X1Y0
11. Clock Region Cell Placement per Global Clock: Region X0Y1
12. Clock Region Cell Placement per Global Clock: Region X1Y1
13. Clock Region Cell Placement per Global Clock: Region X0Y2
14. Clock Region Cell Placement per Global Clock: Region X1Y2
15. Clock Region Cell Placement per Global Clock: Region X0Y3
16. Clock Region Cell Placement per Global Clock: Region X1Y3
17. Clock Region Cell Placement per Global Clock: Region X0Y4
18. Clock Region Cell Placement per Global Clock: Region X1Y4

1. Clock Primitive Utilization
------------------------------

+----------+------+-----------+-----+--------------+--------+
| Type     | Used | Available | LOC | Clock Region | Pblock |
+----------+------+-----------+-----+--------------+--------+
| BUFGCTRL |    3 |        32 |   0 |            0 |      0 |
| BUFH     |    0 |       120 |   0 |            0 |      0 |
| BUFIO    |    0 |        40 |   0 |            0 |      0 |
| BUFMR    |    0 |        20 |   0 |            0 |      0 |
| BUFR     |    0 |        40 |   0 |            0 |      0 |
| MMCM     |    0 |        10 |   0 |            0 |      0 |
| PLL      |    1 |        10 |   0 |            0 |      0 |
+----------+------+-----------+-----+--------------+--------+


2. Global Clock Resources
-------------------------

+-----------+-----------+-----------------+------------+---------------+--------------+-------------------+-------------+-----------------+--------------+--------------------+--------------------------------------------+--------------------------------------------+
| Global Id | Source Id | Driver Type/Pin | Constraint | Site          | Clock Region | Load Clock Region | Clock Loads | Non-Clock Loads | Clock Period | Clock              | Driver Pin                                 | Net                                        |
+-----------+-----------+-----------------+------------+---------------+--------------+-------------------+-------------+-----------------+--------------+--------------------+--------------------------------------------+--------------------------------------------+
| g0        | src0      | BUFG/O          | None       | BUFGCTRL_X0Y0 | n/a          |                10 |       83491 |               0 |       10.000 | clk_out1_clk_wiz_0 | clk_wiz_0_inst/inst/clkout1_buf/O          | clk_wiz_0_inst/inst/clk_out1               |
| g1        | src1      | BUFG/O          | None       | BUFGCTRL_X0Y2 | n/a          |                 1 |           1 |               0 |       10.000 | clkfbout_clk_wiz_0 | clk_wiz_0_inst/inst/clkf_buf/O             | clk_wiz_0_inst/inst/clkfbout_buf_clk_wiz_0 |
| g2        | src2      | BUFG/O          | None       | BUFGCTRL_X0Y1 | n/a          |                10 |           0 |           66537 |          n/a | n/a                | data_recorder_inst/sys_rst_n_0_BUFG_inst/O | data_recorder_inst/sys_rst_n_0_BUFG        |
+-----------+-----------+-----------------+------------+---------------+--------------+-------------------+-------------+-----------------+--------------+--------------------+--------------------------------------------+--------------------------------------------+
* Clock Loads column represents cell count of net connects that connect to a clock pin. Internal cell leaf pins are not considered
** Non-Clock Loads column represents cell count of non-clock pin loads


3. Global Clock Source Details
------------------------------

+-----------+-----------+--------------------+------------+----------------+--------------+-------------+-----------------+---------------------+--------------------+---------------------------------------------+----------------------------------------+
| Source Id | Global Id | Driver Type/Pin    | Constraint | Site           | Clock Region | Clock Loads | Non-Clock Loads | Source Clock Period | Source Clock       | Driver Pin                                  | Net                                    |
+-----------+-----------+--------------------+------------+----------------+--------------+-------------+-----------------+---------------------+--------------------+---------------------------------------------+----------------------------------------+
| src0      | g0        | PLLE2_ADV/CLKOUT0  | None       | PLLE2_ADV_X1Y2 | X1Y2         |           1 |               0 |              10.000 | clk_out1_clk_wiz_0 | clk_wiz_0_inst/inst/plle2_adv_inst/CLKOUT0  | clk_wiz_0_inst/inst/clk_out1_clk_wiz_0 |
| src1      | g1        | PLLE2_ADV/CLKFBOUT | None       | PLLE2_ADV_X1Y2 | X1Y2         |           1 |               0 |              10.000 | clkfbout_clk_wiz_0 | clk_wiz_0_inst/inst/plle2_adv_inst/CLKFBOUT | clk_wiz_0_inst/inst/clkfbout_clk_wiz_0 |
| src2      | g2        | LUT1/O             | None       | SLICE_X83Y146  | X0Y2         |           1 |               0 |                     |                    | data_recorder_inst/log_reg[7551]_i_1/O      | data_recorder_inst/sys_rst_n_0         |
+-----------+-----------+--------------------+------------+----------------+--------------+-------------+-----------------+---------------------+--------------------+---------------------------------------------+----------------------------------------+
* Clock Loads column represents cell count of net connects that connect to a clock pin. Internal cell leaf pins are not considered
** Non-Clock Loads column represents cell count of non-clock pin loads


4. Clock Regions: Key Resource Utilization
------------------------------------------

+-------------------+--------------+--------------+--------------+--------------+--------------+--------------+--------------+--------------+--------------+--------------+---------------+--------------+--------------+--------------+--------------+
|                   | Global Clock |     BUFRs    |    BUFMRs    |    BUFIOs    |     MMCM     |      PLL     |      GT      |      PCI     |    ILOGIC    |    OLOGIC    |       FF      |     LUTM     |    RAMB18    |    RAMB36    |    DSP48E2   |
+-------------------+------+-------+------+-------+------+-------+------+-------+------+-------+------+-------+------+-------+------+-------+------+-------+------+-------+-------+-------+------+-------+------+-------+------+-------+------+-------+
| Clock Region Name | Used | Avail | Used | Avail | Used | Avail | Used | Avail | Used | Avail | Used | Avail | Used | Avail | Used | Avail | Used | Avail | Used | Avail | Used  | Avail | Used | Avail | Used | Avail | Used | Avail | Used | Avail |
+-------------------+------+-------+------+-------+------+-------+------+-------+------+-------+------+-------+------+-------+------+-------+------+-------+------+-------+-------+-------+------+-------+------+-------+------+-------+------+-------+
| X0Y0              |    2 |    12 |    0 |     4 |    0 |     2 |    0 |     4 |    0 |     1 |    0 |     1 |    0 |     4 |    0 |     0 |    0 |    50 |    0 |    50 |   543 |  2700 |  172 |   800 |    0 |    60 |    1 |    30 |    0 |    60 |
| X1Y0              |    2 |    12 |    0 |     4 |    0 |     2 |    0 |     4 |    0 |     1 |    0 |     1 |    0 |     4 |    0 |     0 |    0 |    50 |    0 |    50 |   666 |  2500 |  232 |   800 |    0 |    40 |    2 |    20 |    0 |    40 |
| X0Y1              |    2 |    12 |    0 |     4 |    0 |     2 |    0 |     4 |    0 |     1 |    0 |     1 |    0 |     0 |    0 |     0 |    0 |    50 |    0 |    50 |  8247 |  4200 | 2658 |  1400 |    0 |   100 |   26 |    50 |    0 |   100 |
| X1Y1              |    2 |    12 |    0 |     4 |    0 |     2 |    0 |     4 |    0 |     1 |    0 |     1 |    0 |     0 |    0 |     0 |    0 |    50 |    0 |    50 |  7348 |  4000 | 2640 |  1400 |    0 |    80 |   18 |    40 |    0 |    80 |
| X0Y2              |    2 |    12 |    0 |     4 |    0 |     2 |    0 |     4 |    0 |     1 |    0 |     1 |    0 |     0 |    0 |     0 |    0 |    50 |    0 |    50 |  8975 |  3600 | 3491 |  1400 |    0 |   100 |    7 |    50 |    0 |   100 |
| X1Y2              |    3 |    12 |    0 |     4 |    0 |     2 |    0 |     4 |    0 |     1 |    1 |     1 |    0 |     0 |    0 |     0 |    0 |    50 |    0 |    50 |  8623 |  4000 | 2903 |  1400 |    0 |    80 |   16 |    40 |    0 |    80 |
| X0Y3              |    2 |    12 |    0 |     4 |    0 |     2 |    0 |     4 |    0 |     1 |    0 |     1 |    0 |     0 |    0 |     0 |    0 |    50 |    0 |    50 | 12833 |  3600 | 5013 |  1400 |    0 |   100 |    0 |    50 |    0 |   100 |
| X1Y3              |    2 |    12 |    0 |     4 |    0 |     2 |    0 |     4 |    0 |     1 |    0 |     1 |    0 |     0 |    0 |     0 |    0 |    50 |    0 |    50 | 17952 |  4000 | 6124 |  1400 |    0 |    80 |    0 |    40 |    0 |    80 |
| X0Y4              |    2 |    12 |    0 |     4 |    0 |     2 |    0 |     4 |    0 |     1 |    0 |     1 |    0 |     4 |    0 |     1 |    0 |    50 |    0 |    50 |  5652 |  2550 | 1538 |   750 |    0 |    50 |    0 |    25 |    0 |    60 |
| X1Y4              |    2 |    12 |    0 |     4 |    0 |     2 |    0 |     4 |    0 |     1 |    0 |     1 |    0 |     4 |    0 |     0 |    0 |    50 |    0 |    50 | 12362 |  2500 | 3819 |   800 |    0 |    40 |    0 |    20 |    0 |    40 |
+-------------------+------+-------+------+-------+------+-------+------+-------+------+-------+------+-------+------+-------+------+-------+------+-------+------+-------+-------+-------+------+-------+------+-------+------+-------+------+-------+
* Global Clock column represents track count; while other columns represents cell counts


5. Clock Regions : Global Clock Summary
---------------------------------------

All Modules
+----+----+----+
|    | X0 | X1 |
+----+----+----+
| Y4 |  0 |  0 |
| Y3 |  0 |  0 |
| Y2 |  0 |  0 |
| Y1 |  0 |  0 |
| Y0 |  0 |  0 |
+----+----+----+


6. Device Cell Placement Summary for Global Clock g0
----------------------------------------------------

+-----------+-----------------+-------------------+--------------------+-------------+---------------+-------------+----------+----------------+----------+------------------------------+
| Global Id | Driver Type/Pin | Driver Region (D) | Clock              | Period (ns) | Waveform (ns) | Slice Loads | IO Loads | Clocking Loads | GT Loads | Net                          |
+-----------+-----------------+-------------------+--------------------+-------------+---------------+-------------+----------+----------------+----------+------------------------------+
| g0        | BUFG/O          | n/a               | clk_out1_clk_wiz_0 |      10.000 | {0.000 5.000} |       83491 |        0 |              0 |        0 | clk_wiz_0_inst/inst/clk_out1 |
+-----------+-----------------+-------------------+--------------------+-------------+---------------+-------------+----------+----------------+----------+------------------------------+
* Slice Loads column represents load cell count of all cell types other than IO, GT and clock resources
** IO Loads column represents load cell count of IO types
*** Clocking Loads column represents load cell count that are clock resources (global clock buffer, MMCM, PLL, etc)
**** GT Loads column represents load cell count of GT types


+----+--------+--------+-----------------------+
|    | X0     | X1     | HORIZONTAL PROG DELAY |
+----+--------+--------+-----------------------+
| Y4 |   5652 |  12390 |                     0 |
| Y3 |  12911 |  18057 |                     0 |
| Y2 |   8991 |   8639 |                     0 |
| Y1 |   8273 |   7366 |                     0 |
| Y0 |    544 |    668 |                     0 |
+----+--------+--------+-----------------------+


7. Device Cell Placement Summary for Global Clock g1
----------------------------------------------------

+-----------+-----------------+-------------------+--------------------+-------------+---------------+-------------+----------+----------------+----------+--------------------------------------------+
| Global Id | Driver Type/Pin | Driver Region (D) | Clock              | Period (ns) | Waveform (ns) | Slice Loads | IO Loads | Clocking Loads | GT Loads | Net                                        |
+-----------+-----------------+-------------------+--------------------+-------------+---------------+-------------+----------+----------------+----------+--------------------------------------------+
| g1        | BUFG/O          | n/a               | clkfbout_clk_wiz_0 |      10.000 | {0.000 5.000} |           0 |        0 |              1 |        0 | clk_wiz_0_inst/inst/clkfbout_buf_clk_wiz_0 |
+-----------+-----------------+-------------------+--------------------+-------------+---------------+-------------+----------+----------------+----------+--------------------------------------------+
* Slice Loads column represents load cell count of all cell types other than IO, GT and clock resources
** IO Loads column represents load cell count of IO types
*** Clocking Loads column represents load cell count that are clock resources (global clock buffer, MMCM, PLL, etc)
**** GT Loads column represents load cell count of GT types


+----+----+----+-----------------------+
|    | X0 | X1 | HORIZONTAL PROG DELAY |
+----+----+----+-----------------------+
| Y4 |  0 |  0 |                     - |
| Y3 |  0 |  0 |                     - |
| Y2 |  0 |  1 |                     0 |
| Y1 |  0 |  0 |                     - |
| Y0 |  0 |  0 |                     - |
+----+----+----+-----------------------+


8. Device Cell Placement Summary for Global Clock g2
----------------------------------------------------

+-----------+-----------------+-------------------+-------+-------------+---------------+-------------+----------+----------------+----------+-------------------------------------+
| Global Id | Driver Type/Pin | Driver Region (D) | Clock | Period (ns) | Waveform (ns) | Slice Loads | IO Loads | Clocking Loads | GT Loads | Net                                 |
+-----------+-----------------+-------------------+-------+-------------+---------------+-------------+----------+----------------+----------+-------------------------------------+
| g2        | BUFG/O          | n/a               |       |             |               |       66537 |        0 |              0 |        0 | data_recorder_inst/sys_rst_n_0_BUFG |
+-----------+-----------------+-------------------+-------+-------------+---------------+-------------+----------+----------------+----------+-------------------------------------+
* Slice Loads column represents load cell count of all cell types other than IO, GT and clock resources
** IO Loads column represents load cell count of IO types
*** Clocking Loads column represents load cell count that are clock resources (global clock buffer, MMCM, PLL, etc)
**** GT Loads column represents load cell count of GT types


+----+-------+--------+-----------------------+
|    | X0    | X1     | HORIZONTAL PROG DELAY |
+----+-------+--------+-----------------------+
| Y4 |  5652 |  11360 |                     0 |
| Y3 |  8977 |  10200 |                     0 |
| Y2 |  7022 |   6522 |                     0 |
| Y1 |  8247 |   7348 |                     0 |
| Y0 |   543 |    666 |                     0 |
+----+-------+--------+-----------------------+


9. Clock Region Cell Placement per Global Clock: Region X0Y0
------------------------------------------------------------

+-----------+-------+-----------------+------------+-------------+-----------------+-----+-------------+------+-----+----+------+-----+---------+-------------------------------------+
| Global Id | Track | Driver Type/Pin | Constraint | Clock Loads | Non-Clock Loads | FF  | Memory LUTs | RAMB | DSP | GT | MMCM | PLL | Hard IP | Net                                 |
+-----------+-------+-----------------+------------+-------------+-----------------+-----+-------------+------+-----+----+------+-----+---------+-------------------------------------+
| g0        | n/a   | BUFG/O          | None       |         544 |               0 | 543 |           0 |    1 |   0 |  0 |    0 |   0 |       0 | clk_wiz_0_inst/inst/clk_out1        |
| g2        | n/a   | BUFG/O          | None       |           0 |             543 | 543 |           0 |    0 |   0 |  0 |    0 |   0 |       0 | data_recorder_inst/sys_rst_n_0_BUFG |
+-----------+-------+-----------------+------------+-------------+-----------------+-----+-------------+------+-----+----+------+-----+---------+-------------------------------------+
* Clock Loads column represents cell count of net connects that connect to a clock pin. Internal cell leaf pins are not considered
** Non-Clock Loads column represents cell count of non-clock pin loads
*** Columns FF, LUTRAM, RAMB through 'Hard IP' represents load cell counts


10. Clock Region Cell Placement per Global Clock: Region X1Y0
-------------------------------------------------------------

+-----------+-------+-----------------+------------+-------------+-----------------+-----+-------------+------+-----+----+------+-----+---------+-------------------------------------+
| Global Id | Track | Driver Type/Pin | Constraint | Clock Loads | Non-Clock Loads | FF  | Memory LUTs | RAMB | DSP | GT | MMCM | PLL | Hard IP | Net                                 |
+-----------+-------+-----------------+------------+-------------+-----------------+-----+-------------+------+-----+----+------+-----+---------+-------------------------------------+
| g0        | n/a   | BUFG/O          | None       |         668 |               0 | 666 |           0 |    2 |   0 |  0 |    0 |   0 |       0 | clk_wiz_0_inst/inst/clk_out1        |
| g2        | n/a   | BUFG/O          | None       |           0 |             666 | 666 |           0 |    0 |   0 |  0 |    0 |   0 |       0 | data_recorder_inst/sys_rst_n_0_BUFG |
+-----------+-------+-----------------+------------+-------------+-----------------+-----+-------------+------+-----+----+------+-----+---------+-------------------------------------+
* Clock Loads column represents cell count of net connects that connect to a clock pin. Internal cell leaf pins are not considered
** Non-Clock Loads column represents cell count of non-clock pin loads
*** Columns FF, LUTRAM, RAMB through 'Hard IP' represents load cell counts


11. Clock Region Cell Placement per Global Clock: Region X0Y1
-------------------------------------------------------------

+-----------+-------+-----------------+------------+-------------+-----------------+------+-------------+------+-----+----+------+-----+---------+-------------------------------------+
| Global Id | Track | Driver Type/Pin | Constraint | Clock Loads | Non-Clock Loads | FF   | Memory LUTs | RAMB | DSP | GT | MMCM | PLL | Hard IP | Net                                 |
+-----------+-------+-----------------+------------+-------------+-----------------+------+-------------+------+-----+----+------+-----+---------+-------------------------------------+
| g0        | n/a   | BUFG/O          | None       |        8273 |               0 | 8247 |           0 |   26 |   0 |  0 |    0 |   0 |       0 | clk_wiz_0_inst/inst/clk_out1        |
| g2        | n/a   | BUFG/O          | None       |           0 |            8247 | 8247 |           0 |    0 |   0 |  0 |    0 |   0 |       0 | data_recorder_inst/sys_rst_n_0_BUFG |
+-----------+-------+-----------------+------------+-------------+-----------------+------+-------------+------+-----+----+------+-----+---------+-------------------------------------+
* Clock Loads column represents cell count of net connects that connect to a clock pin. Internal cell leaf pins are not considered
** Non-Clock Loads column represents cell count of non-clock pin loads
*** Columns FF, LUTRAM, RAMB through 'Hard IP' represents load cell counts


12. Clock Region Cell Placement per Global Clock: Region X1Y1
-------------------------------------------------------------

+-----------+-------+-----------------+------------+-------------+-----------------+------+-------------+------+-----+----+------+-----+---------+-------------------------------------+
| Global Id | Track | Driver Type/Pin | Constraint | Clock Loads | Non-Clock Loads | FF   | Memory LUTs | RAMB | DSP | GT | MMCM | PLL | Hard IP | Net                                 |
+-----------+-------+-----------------+------------+-------------+-----------------+------+-------------+------+-----+----+------+-----+---------+-------------------------------------+
| g0        | n/a   | BUFG/O          | None       |        7366 |               0 | 7348 |           0 |   18 |   0 |  0 |    0 |   0 |       0 | clk_wiz_0_inst/inst/clk_out1        |
| g2        | n/a   | BUFG/O          | None       |           0 |            7348 | 7348 |           0 |    0 |   0 |  0 |    0 |   0 |       0 | data_recorder_inst/sys_rst_n_0_BUFG |
+-----------+-------+-----------------+------------+-------------+-----------------+------+-------------+------+-----+----+------+-----+---------+-------------------------------------+
* Clock Loads column represents cell count of net connects that connect to a clock pin. Internal cell leaf pins are not considered
** Non-Clock Loads column represents cell count of non-clock pin loads
*** Columns FF, LUTRAM, RAMB through 'Hard IP' represents load cell counts


13. Clock Region Cell Placement per Global Clock: Region X0Y2
-------------------------------------------------------------

+-----------+-------+-----------------+------------+-------------+-----------------+------+-------------+------+-----+----+------+-----+---------+-------------------------------------+
| Global Id | Track | Driver Type/Pin | Constraint | Clock Loads | Non-Clock Loads | FF   | Memory LUTs | RAMB | DSP | GT | MMCM | PLL | Hard IP | Net                                 |
+-----------+-------+-----------------+------------+-------------+-----------------+------+-------------+------+-----+----+------+-----+---------+-------------------------------------+
| g0        | n/a   | BUFG/O          | None       |        8991 |               0 | 8975 |           9 |    7 |   0 |  0 |    0 |   0 |       0 | clk_wiz_0_inst/inst/clk_out1        |
| g2        | n/a   | BUFG/O          | None       |           0 |            7022 | 7022 |           0 |    0 |   0 |  0 |    0 |   0 |       0 | data_recorder_inst/sys_rst_n_0_BUFG |
+-----------+-------+-----------------+------------+-------------+-----------------+------+-------------+------+-----+----+------+-----+---------+-------------------------------------+
* Clock Loads column represents cell count of net connects that connect to a clock pin. Internal cell leaf pins are not considered
** Non-Clock Loads column represents cell count of non-clock pin loads
*** Columns FF, LUTRAM, RAMB through 'Hard IP' represents load cell counts


14. Clock Region Cell Placement per Global Clock: Region X1Y2
-------------------------------------------------------------

+-----------+-------+-----------------+------------+-------------+-----------------+------+-------------+------+-----+----+------+-----+---------+--------------------------------------------+
| Global Id | Track | Driver Type/Pin | Constraint | Clock Loads | Non-Clock Loads | FF   | Memory LUTs | RAMB | DSP | GT | MMCM | PLL | Hard IP | Net                                        |
+-----------+-------+-----------------+------------+-------------+-----------------+------+-------------+------+-----+----+------+-----+---------+--------------------------------------------+
| g0        | n/a   | BUFG/O          | None       |        8639 |               0 | 8623 |           0 |   16 |   0 |  0 |    0 |   0 |       0 | clk_wiz_0_inst/inst/clk_out1               |
| g1        | n/a   | BUFG/O          | None       |           1 |               0 |    0 |           0 |    0 |   0 |  0 |    0 |   1 |       0 | clk_wiz_0_inst/inst/clkfbout_buf_clk_wiz_0 |
| g2        | n/a   | BUFG/O          | None       |           0 |            6522 | 6522 |           0 |    0 |   0 |  0 |    0 |   0 |       0 | data_recorder_inst/sys_rst_n_0_BUFG        |
+-----------+-------+-----------------+------------+-------------+-----------------+------+-------------+------+-----+----+------+-----+---------+--------------------------------------------+
* Clock Loads column represents cell count of net connects that connect to a clock pin. Internal cell leaf pins are not considered
** Non-Clock Loads column represents cell count of non-clock pin loads
*** Columns FF, LUTRAM, RAMB through 'Hard IP' represents load cell counts


15. Clock Region Cell Placement per Global Clock: Region X0Y3
-------------------------------------------------------------

+-----------+-------+-----------------+------------+-------------+-----------------+-------+-------------+------+-----+----+------+-----+---------+-------------------------------------+
| Global Id | Track | Driver Type/Pin | Constraint | Clock Loads | Non-Clock Loads | FF    | Memory LUTs | RAMB | DSP | GT | MMCM | PLL | Hard IP | Net                                 |
+-----------+-------+-----------------+------------+-------------+-----------------+-------+-------------+------+-----+----+------+-----+---------+-------------------------------------+
| g0        | n/a   | BUFG/O          | None       |       12911 |               0 | 12833 |          78 |    0 |   0 |  0 |    0 |   0 |       0 | clk_wiz_0_inst/inst/clk_out1        |
| g2        | n/a   | BUFG/O          | None       |           0 |            8977 |  8977 |           0 |    0 |   0 |  0 |    0 |   0 |       0 | data_recorder_inst/sys_rst_n_0_BUFG |
+-----------+-------+-----------------+------------+-------------+-----------------+-------+-------------+------+-----+----+------+-----+---------+-------------------------------------+
* Clock Loads column represents cell count of net connects that connect to a clock pin. Internal cell leaf pins are not considered
** Non-Clock Loads column represents cell count of non-clock pin loads
*** Columns FF, LUTRAM, RAMB through 'Hard IP' represents load cell counts


16. Clock Region Cell Placement per Global Clock: Region X1Y3
-------------------------------------------------------------

+-----------+-------+-----------------+------------+-------------+-----------------+-------+-------------+------+-----+----+------+-----+---------+-------------------------------------+
| Global Id | Track | Driver Type/Pin | Constraint | Clock Loads | Non-Clock Loads | FF    | Memory LUTs | RAMB | DSP | GT | MMCM | PLL | Hard IP | Net                                 |
+-----------+-------+-----------------+------------+-------------+-----------------+-------+-------------+------+-----+----+------+-----+---------+-------------------------------------+
| g0        | n/a   | BUFG/O          | None       |       18057 |               0 | 17952 |         105 |    0 |   0 |  0 |    0 |   0 |       0 | clk_wiz_0_inst/inst/clk_out1        |
| g2        | n/a   | BUFG/O          | None       |           0 |           10200 | 10200 |           0 |    0 |   0 |  0 |    0 |   0 |       0 | data_recorder_inst/sys_rst_n_0_BUFG |
+-----------+-------+-----------------+------------+-------------+-----------------+-------+-------------+------+-----+----+------+-----+---------+-------------------------------------+
* Clock Loads column represents cell count of net connects that connect to a clock pin. Internal cell leaf pins are not considered
** Non-Clock Loads column represents cell count of non-clock pin loads
*** Columns FF, LUTRAM, RAMB through 'Hard IP' represents load cell counts


17. Clock Region Cell Placement per Global Clock: Region X0Y4
-------------------------------------------------------------

+-----------+-------+-----------------+------------+-------------+-----------------+------+-------------+------+-----+----+------+-----+---------+-------------------------------------+
| Global Id | Track | Driver Type/Pin | Constraint | Clock Loads | Non-Clock Loads | FF   | Memory LUTs | RAMB | DSP | GT | MMCM | PLL | Hard IP | Net                                 |
+-----------+-------+-----------------+------------+-------------+-----------------+------+-------------+------+-----+----+------+-----+---------+-------------------------------------+
| g0        | n/a   | BUFG/O          | None       |        5652 |               0 | 5652 |           0 |    0 |   0 |  0 |    0 |   0 |       0 | clk_wiz_0_inst/inst/clk_out1        |
| g2        | n/a   | BUFG/O          | None       |           0 |            5652 | 5652 |           0 |    0 |   0 |  0 |    0 |   0 |       0 | data_recorder_inst/sys_rst_n_0_BUFG |
+-----------+-------+-----------------+------------+-------------+-----------------+------+-------------+------+-----+----+------+-----+---------+-------------------------------------+
* Clock Loads column represents cell count of net connects that connect to a clock pin. Internal cell leaf pins are not considered
** Non-Clock Loads column represents cell count of non-clock pin loads
*** Columns FF, LUTRAM, RAMB through 'Hard IP' represents load cell counts


18. Clock Region Cell Placement per Global Clock: Region X1Y4
-------------------------------------------------------------

+-----------+-------+-----------------+------------+-------------+-----------------+-------+-------------+------+-----+----+------+-----+---------+-------------------------------------+
| Global Id | Track | Driver Type/Pin | Constraint | Clock Loads | Non-Clock Loads | FF    | Memory LUTs | RAMB | DSP | GT | MMCM | PLL | Hard IP | Net                                 |
+-----------+-------+-----------------+------------+-------------+-----------------+-------+-------------+------+-----+----+------+-----+---------+-------------------------------------+
| g0        | n/a   | BUFG/O          | None       |       12390 |               0 | 12362 |          28 |    0 |   0 |  0 |    0 |   0 |       0 | clk_wiz_0_inst/inst/clk_out1        |
| g2        | n/a   | BUFG/O          | None       |           0 |           11360 | 11360 |           0 |    0 |   0 |  0 |    0 |   0 |       0 | data_recorder_inst/sys_rst_n_0_BUFG |
+-----------+-------+-----------------+------------+-------------+-----------------+-------+-------------+------+-----+----+------+-----+---------+-------------------------------------+
* Clock Loads column represents cell count of net connects that connect to a clock pin. Internal cell leaf pins are not considered
** Non-Clock Loads column represents cell count of non-clock pin loads
*** Columns FF, LUTRAM, RAMB through 'Hard IP' represents load cell counts



# Location of BUFG Primitives 
set_property LOC BUFGCTRL_X0Y1 [get_cells data_recorder_inst/sys_rst_n_0_BUFG_inst]
set_property LOC BUFGCTRL_X0Y2 [get_cells clk_wiz_0_inst/inst/clkf_buf]
set_property LOC BUFGCTRL_X0Y0 [get_cells clk_wiz_0_inst/inst/clkout1_buf]

# Location of IO Primitives which is load of clock spine

# Location of clock ports
set_property LOC IOB_X1Y124 [get_ports sys_clk_p]

# Clock net "data_recorder_inst/sys_rst_n_0_BUFG" driven by instance "data_recorder_inst/sys_rst_n_0_BUFG_inst" located at site "BUFGCTRL_X0Y1"
#startgroup
create_pblock {CLKAG_data_recorder_inst/sys_rst_n_0_BUFG}
add_cells_to_pblock [get_pblocks  {CLKAG_data_recorder_inst/sys_rst_n_0_BUFG}] [get_cells -filter { PRIMITIVE_GROUP != I/O && IS_PRIMITIVE==1 && PRIMITIVE_LEVEL !=INTERNAL } -of_object [get_pins -leaf -filter {DIRECTION==IN} -of_objects [get_nets {data_recorder_inst/sys_rst_n_0_BUFG}]]]
resize_pblock [get_pblocks {CLKAG_data_recorder_inst/sys_rst_n_0_BUFG}] -add {CLOCKREGION_X0Y0:CLOCKREGION_X0Y0 CLOCKREGION_X0Y1:CLOCKREGION_X0Y1 CLOCKREGION_X0Y2:CLOCKREGION_X0Y2 CLOCKREGION_X0Y3:CLOCKREGION_X0Y3 CLOCKREGION_X0Y4:CLOCKREGION_X0Y4 CLOCKREGION_X1Y0:CLOCKREGION_X1Y0 CLOCKREGION_X1Y1:CLOCKREGION_X1Y1 CLOCKREGION_X1Y2:CLOCKREGION_X1Y2 CLOCKREGION_X1Y3:CLOCKREGION_X1Y3 CLOCKREGION_X1Y4:CLOCKREGION_X1Y4}
#endgroup

# Clock net "clk_wiz_0_inst/inst/clk_out1" driven by instance "clk_wiz_0_inst/inst/clkout1_buf" located at site "BUFGCTRL_X0Y0"
#startgroup
create_pblock {CLKAG_clk_wiz_0_inst/inst/clk_out1}
add_cells_to_pblock [get_pblocks  {CLKAG_clk_wiz_0_inst/inst/clk_out1}] [get_cells -filter { PRIMITIVE_GROUP != I/O && IS_PRIMITIVE==1 && PRIMITIVE_LEVEL !=INTERNAL } -of_object [get_pins -leaf -filter {DIRECTION==IN} -of_objects [get_nets {clk_wiz_0_inst/inst/clk_out1}]]]
resize_pblock [get_pblocks {CLKAG_clk_wiz_0_inst/inst/clk_out1}] -add {CLOCKREGION_X0Y0:CLOCKREGION_X0Y0 CLOCKREGION_X0Y1:CLOCKREGION_X0Y1 CLOCKREGION_X0Y2:CLOCKREGION_X0Y2 CLOCKREGION_X0Y3:CLOCKREGION_X0Y3 CLOCKREGION_X0Y4:CLOCKREGION_X0Y4 CLOCKREGION_X1Y0:CLOCKREGION_X1Y0 CLOCKREGION_X1Y1:CLOCKREGION_X1Y1 CLOCKREGION_X1Y2:CLOCKREGION_X1Y2 CLOCKREGION_X1Y3:CLOCKREGION_X1Y3 CLOCKREGION_X1Y4:CLOCKREGION_X1Y4}
#endgroup
